e:\wulejiu\shouyou\game\mixproject\proj.win32\debug.win32\aqmj_chatdlg.obj
e:\wulejiu\shouyou\game\mixproject\proj.win32\debug.win32\aqmj_resourceloader.obj
e:\wulejiu\shouyou\game\mixproject\proj.win32\debug.win32\cherry97gameaward.obj
e:\wulejiu\shouyou\game\mixproject\proj.win32\debug.win32\cherry97gameshare.obj
e:\wulejiu\shouyou\game\mixproject\proj.win32\debug.win32\gobangchessencapsulation.obj
e:\wulejiu\shouyou\game\mixproject\proj.win32\debug.win32\gobangtablelogic.obj
e:\wulejiu\shouyou\game\mixproject\proj.win32\debug.win32\appdelegate.obj
e:\wulejiu\shouyou\game\mixproject\proj.win32\debug.win32\aqmj_cardpool.obj
e:\wulejiu\shouyou\game\mixproject\proj.win32\debug.win32\aqmj_poolaction.obj
e:\wulejiu\shouyou\game\mixproject\proj.win32\debug.win32\cherry97gamebet.obj
e:\wulejiu\shouyou\game\mixproject\proj.win32\debug.win32\cherry97gametablelogic.obj
e:\wulejiu\shouyou\game\mixproject\proj.win32\debug.win32\gobanggameoverui.obj
e:\wulejiu\shouyou\game\mixproject\proj.win32\debug.win32\gobangtableui.obj
e:\wulejiu\shouyou\game\mixproject\proj.win32\debug.win32\main.obj
e:\wulejiu\shouyou\game\mixproject\proj.win32\debug.win32\aqmj_calculateboardall.obj
e:\wulejiu\shouyou\game\mixproject\proj.win32\debug.win32\aqmj_gametableui.obj
e:\wulejiu\shouyou\game\mixproject\proj.win32\debug.win32\cherry97gamecell.obj
e:\wulejiu\shouyou\game\mixproject\proj.win32\debug.win32\cherry97gamecheckawardnext.obj
e:\wulejiu\shouyou\game\mixproject\proj.win32\debug.win32\gobangboard.obj
e:\wulejiu\shouyou\game\mixproject\proj.win32\debug.win32\gobangsoundmgr.obj
e:\wulejiu\shouyou\game\mixproject\proj.win32\debug.win32\gobangtimer.obj
e:\wulejiu\shouyou\game\mixproject\proj.win32\debug.win32\helloworldscene.obj
e:\wulejiu\shouyou\game\mixproject\proj.win32\debug.win32\aqmj_card.obj
e:\wulejiu\shouyou\game\mixproject\proj.win32\debug.win32\aqmj_gametablelogic.obj
e:\wulejiu\shouyou\game\mixproject\proj.win32\debug.win32\cherry97gameaudio.obj
e:\wulejiu\shouyou\game\mixproject\proj.win32\debug.win32\cherry97gamecheckaward.obj
e:\wulejiu\shouyou\game\mixproject\proj.win32\debug.win32\cherry97gametableui.obj
e:\wulejiu\shouyou\game\mixproject\proj.win32\debug.win32\gobangplayersinfo.obj
e:\wulejiu\shouyou\game\mixproject\proj.win32\debug.win32\gobangtimeset.obj
e:\wulejiu\shouyou\game\mixproject\proj.win32\debug.win32\update.ilk
e:\wulejiu\shouyou\game\mixproject\proj.win32\debug.win32\update.exe
e:\wulejiu\shouyou\game\mixproject\proj.win32\debug.win32\mixproject.pdb
e:\wulejiu\shouyou\game\mixproject\proj.win32\debug.win32\mixproject.lib
e:\wulejiu\shouyou\game\mixproject\proj.win32\debug.win32\mixproject.exp
e:\wulejiu\shouyou\game\mixproject\proj.win32\mixproject.cab
e:\wulejiu\shouyou\game\mixproject\proj.win32\debug.win32\game.res
e:\wulejiu\shouyou\game\mixproject\proj.win32\debug.win32\mixproject.tlog\cl.command.1.tlog
e:\wulejiu\shouyou\game\mixproject\proj.win32\debug.win32\mixproject.tlog\cl.read.1.tlog
e:\wulejiu\shouyou\game\mixproject\proj.win32\debug.win32\mixproject.tlog\cl.write.1.tlog
e:\wulejiu\shouyou\game\mixproject\proj.win32\debug.win32\mixproject.tlog\link.command.1.tlog
e:\wulejiu\shouyou\game\mixproject\proj.win32\debug.win32\mixproject.tlog\link.read.1.tlog
e:\wulejiu\shouyou\game\mixproject\proj.win32\debug.win32\mixproject.tlog\link.write.1.tlog
e:\wulejiu\shouyou\game\mixproject\proj.win32\debug.win32\mixproject.tlog\mixproject.write.1u.tlog
e:\wulejiu\shouyou\game\mixproject\proj.win32\debug.win32\mixproject.tlog\rc.command.1.tlog
e:\wulejiu\shouyou\game\mixproject\proj.win32\debug.win32\mixproject.tlog\rc.read.1.tlog
e:\wulejiu\shouyou\game\mixproject\proj.win32\debug.win32\mixproject.tlog\rc.write.1.tlog
